[ 2015-03-18T08:52:44+08:00 ] 127.0.0.1 /jkdmarket/
INFO: [ app_init ] --START--
INFO: Run Behavior\BuildLiteBehavior [ RunTime:0.000000s ]
INFO: [ app_init ] --END-- [ RunTime:0.009001s ]
INFO: [ app_begin ] --START--
INFO: Run Behavior\ReadHtmlCacheBehavior [ RunTime:0.002000s ]
INFO: Run Behavior\CheckLangBehavior [ RunTime:0.040002s ]
INFO: [ app_begin ] --END-- [ RunTime:0.042002s ]
NOTIC: [8192] mysql_connect(): The mysql extension is deprecated and will be removed in the future: use mysqli or PDO instead D:\mysoft\wamp\wamp\www\jkdmarket\include\Library\Think\Db\Driver\Mysql.class.php 第 52 行.
NOTIC: [8] Undefined index: member D:\mysoft\wamp\wamp\www\jkdmarket\Application\Home\Controller\CommonController.class.php 第 64 行.
ERR: 1064:Erreur de syntaxe près de ')' à la ligne 1
 [ SQL语句 ] : SELECT * FROM `jkd_product_cart` WHERE ( status = 0 AND uid =  ) 
NOTIC: [2] Invalid argument supplied for foreach() D:\mysoft\wamp\wamp\www\jkdmarket\Application\Home\Controller\CommonController.class.php 第 65 行.
NOTIC: [8] Undefined variable: cartNewList D:\mysoft\wamp\wamp\www\jkdmarket\Application\Home\Controller\CommonController.class.php 第 71 行.
NOTIC: [8] Undefined variable: cartNewList D:\mysoft\wamp\wamp\www\jkdmarket\Application\Home\Controller\CommonController.class.php 第 72 行.
ERR: 1054:Champ 'cid' inconnu dans field list
 [ SQL语句 ] : SELECT `cid`,`name` FROM `jkd_category` WHERE ( pid = 0 AND type = 'mold' ) ORDER BY sort 
NOTIC: [2] Invalid argument supplied for foreach() D:\mysoft\wamp\wamp\www\jkdmarket\Application\Home\Controller\CommonController.class.php 第 82 行.
NOTIC: [8] Undefined index: member D:\mysoft\wamp\wamp\www\jkdmarket\Application\Home\Controller\SystemController.class.php 第 9 行.
ERR: 1054:Champ 'cid' inconnu dans field list
 [ SQL语句 ] : SELECT `cid`,`name` FROM `jkd_category` WHERE ( pid = 0 AND type = 'mold' ) ORDER BY sort 
NOTIC: [2] Invalid argument supplied for foreach() D:\mysoft\wamp\wamp\www\jkdmarket\Application\Home\Controller\IndexController.class.php 第 12 行.
ERR: 错误的查询条件:[sale=>0]

[ 2015-03-18T08:52:52+08:00 ] 127.0.0.1 /jkdmarket/jkd/
INFO: [ app_init ] --START--
INFO: Run Behavior\BuildLiteBehavior [ RunTime:0.000000s ]
INFO: [ app_init ] --END-- [ RunTime:0.001000s ]
INFO: [ app_begin ] --START--
INFO: Run Behavior\ReadHtmlCacheBehavior [ RunTime:0.002000s ]
INFO: [ app_begin ] --END-- [ RunTime:0.002000s ]

[ 2015-03-18T08:52:52+08:00 ] 127.0.0.1 /jkdmarket/jkd/Public/index
INFO: [ app_init ] --START--
INFO: Run Behavior\BuildLiteBehavior [ RunTime:0.000000s ]
INFO: [ app_init ] --END-- [ RunTime:0.001000s ]
INFO: [ app_begin ] --START--
INFO: Run Behavior\ReadHtmlCacheBehavior [ RunTime:0.001000s ]
INFO: [ app_begin ] --END-- [ RunTime:0.001000s ]
INFO: [ view_parse ] --START--
INFO: [ template_filter ] --START--
INFO: Run Behavior\ContentReplaceBehavior [ RunTime:0.000000s ]
INFO: [ template_filter ] --END-- [ RunTime:0.001000s ]
NOTIC: [8] Undefined variable: addCss D:\mysoft\wamp\wamp\www\jkdmarket\Application\Runtime\Cache\Admin\7adf3a4b68477f7eda1498dea191f967.php 第 10 行.
NOTIC: [8] Undefined variable: addJs D:\mysoft\wamp\wamp\www\jkdmarket\Application\Runtime\Cache\Admin\7adf3a4b68477f7eda1498dea191f967.php 第 16 行.
INFO: Run Behavior\ParseTemplateBehavior [ RunTime:0.064003s ]
INFO: [ view_parse ] --END-- [ RunTime:0.064003s ]
INFO: [ view_filter ] --START--
INFO: Run Behavior\WriteHtmlCacheBehavior [ RunTime:0.011001s ]
INFO: Run Behavior\TokenBuildBehavior [ RunTime:0.003000s ]
INFO: [ view_filter ] --END-- [ RunTime:0.014001s ]
INFO: [ app_end ] --START--
INFO: Run Behavior\ShowPageTraceBehavior [ RunTime:0.003000s ]
INFO: [ app_end ] --END-- [ RunTime:0.003000s ]

[ 2015-03-18T08:52:53+08:00 ] 127.0.0.1 /jkdmarket/jkd/Public/verify_code
INFO: [ app_init ] --START--
INFO: Run Behavior\BuildLiteBehavior [ RunTime:0.000000s ]
INFO: [ app_init ] --END-- [ RunTime:0.012000s ]
INFO: [ app_begin ] --START--
INFO: Run Behavior\ReadHtmlCacheBehavior [ RunTime:0.001000s ]
INFO: [ app_begin ] --END-- [ RunTime:0.002000s ]
INFO: [ app_end ] --START--
INFO: Run Behavior\ShowPageTraceBehavior [ RunTime:0.004000s ]
INFO: [ app_end ] --END-- [ RunTime:0.004000s ]

